\BOOKMARK [1][-]{section.1}{Introduction}{}% 1
\BOOKMARK [1][-]{section.2}{Previous work}{}% 2
\BOOKMARK [2][-]{subsection.2.1}{Monte Carlo Tree Search}{section.2}% 3
\BOOKMARK [2][-]{subsection.2.2}{AlphaZero}{section.2}% 4
\BOOKMARK [3][-]{subsubsection.2.2.1}{The AlphaZero algorithm}{subsection.2.2}% 5
\BOOKMARK [2][-]{subsection.2.3}{Extensions to AlphaZero}{section.2}% 6
\BOOKMARK [3][-]{subsubsection.2.3.1}{Network and training modifications}{subsection.2.3}% 7
\BOOKMARK [3][-]{subsubsection.2.3.2}{Modification of the tree search}{subsection.2.3}% 8
\BOOKMARK [3][-]{subsubsection.2.3.3}{Learning target modifications}{subsection.2.3}% 9
\BOOKMARK [3][-]{subsubsection.2.3.4}{Training data enhancements}{subsection.2.3}% 10
\BOOKMARK [1][-]{section.3}{Evaluated novel improvements}{}% 11
\BOOKMARK [2][-]{subsection.3.1}{Network modifications}{section.3}% 12
\BOOKMARK [2][-]{subsection.3.2}{Playing games as trees}{section.3}% 13
\BOOKMARK [2][-]{subsection.3.3}{Using network internal features as auxiliary targets}{section.3}% 14
\BOOKMARK [2][-]{subsection.3.4}{Using the self-playing phase as an evolutionary process}{section.3}% 15
\BOOKMARK [1][-]{section.4}{Experiments}{}% 16
\BOOKMARK [2][-]{subsection.4.1}{Testing on Connect4}{section.4}% 17
\BOOKMARK [3][-]{subsubsection.4.1.1}{Generating Connect4 datasets}{subsection.4.1}% 18
\BOOKMARK [2][-]{subsection.4.2}{Evaluation of training costs}{section.4}% 19
\BOOKMARK [2][-]{subsection.4.3}{Supervised training}{section.4}% 20
\BOOKMARK [2][-]{subsection.4.4}{Baseline}{section.4}% 21
\BOOKMARK [3][-]{subsubsection.4.4.1}{Hyperparameter search}{subsection.4.4}% 22
\BOOKMARK [2][-]{subsection.4.5}{Extended Baseline}{section.4}% 23
\BOOKMARK [3][-]{subsubsection.4.5.1}{Remove duplicate positions}{subsection.4.5}% 24
\BOOKMARK [3][-]{subsubsection.4.5.2}{Cyclic learning rate}{subsection.4.5}% 25
\BOOKMARK [3][-]{subsubsection.4.5.3}{Improved training window}{subsection.4.5}% 26
\BOOKMARK [3][-]{subsubsection.4.5.4}{Playout Caps}{subsection.4.5}% 27
\BOOKMARK [3][-]{subsubsection.4.5.5}{Improving the network structure}{subsection.4.5}% 28
\BOOKMARK [2][-]{subsection.4.6}{Results}{section.4}% 29
\BOOKMARK [2][-]{subsection.4.7}{Novel improvements}{section.4}% 30
\BOOKMARK [3][-]{subsubsection.4.7.1}{Evolutionary hyperparameters}{subsection.4.7}% 31
\BOOKMARK [3][-]{subsubsection.4.7.2}{Playing games as trees}{subsection.4.7}% 32
\BOOKMARK [3][-]{subsubsection.4.7.3}{Automatic auxilary features}{subsection.4.7}% 33
